c:\users\sskim\desktop\opengl\teamproject_final\debug\vc141.pdb
c:\users\sskim\desktop\opengl\teamproject_final\debug\vc141.idb
c:\users\sskim\desktop\opengl\teamproject_final\debug\tiny_obj_loader.obj
c:\users\sskim\desktop\opengl\teamproject_final\debug\main.obj
c:\users\sskim\desktop\opengl\teamproject_final\debug\loadshaders.obj
c:\users\sskim\desktop\opengl\teamproject_final\debug\loadobj.obj
c:\users\sskim\desktop\opengl\teamproject_final\debug\teamproject.exe
c:\users\sskim\desktop\opengl\teamproject_final\debug\teamproject.ilk
c:\users\sskim\desktop\opengl\teamproject_final\debug\teamproject.pdb
c:\users\sskim\desktop\ivm_termproject_final_21300112김성실_21500243문주혜\debug\loadobj.obj
c:\users\sskim\desktop\ivm_termproject_final_21300112김성실_21500243문주혜\debug\loadshaders.obj
c:\users\sskim\desktop\ivm_termproject_final_21300112김성실_21500243문주혜\debug\main.obj
c:\users\sskim\desktop\ivm_termproject_final_21300112김성실_21500243문주혜\debug\tiny_obj_loader.obj
c:\users\sskim\desktop\ivm_termproject_final_21300112김성실_21500243문주혜\debug\hw5.ilk
c:\users\sskim\desktop\ivm_termproject_final_21300112김성실_21500243문주혜\debug\teamproject.ilk
c:\users\sskim\desktop\ivm_termproject_final_21300112김성실_21500243문주혜\debug\vc141.idb
c:\users\sskim\desktop\ivm_termproject_final_21300112김성실_21500243문주혜\debug\hw5.pdb
c:\users\sskim\desktop\ivm_termproject_final_21300112김성실_21500243문주혜\debug\teamproject.pdb
c:\users\sskim\desktop\ivm_termproject_final_21300112김성실_21500243문주혜\debug\vc141.pdb
c:\users\sskim\desktop\ivm_termproject_final_21300112김성실_21500243문주혜\debug\teamproject.exe
c:\users\sskim\desktop\ivm_termproject_final_21300112김성실_21500243문주혜\debug\teamproject.tlog\cl.command.1.tlog
c:\users\sskim\desktop\ivm_termproject_final_21300112김성실_21500243문주혜\debug\teamproject.tlog\cl.read.1.tlog
c:\users\sskim\desktop\ivm_termproject_final_21300112김성실_21500243문주혜\debug\teamproject.tlog\cl.write.1.tlog
c:\users\sskim\desktop\ivm_termproject_final_21300112김성실_21500243문주혜\debug\teamproject.tlog\link.command.1.tlog
c:\users\sskim\desktop\ivm_termproject_final_21300112김성실_21500243문주혜\debug\teamproject.tlog\link.read.1.tlog
c:\users\sskim\desktop\ivm_termproject_final_21300112김성실_21500243문주혜\debug\teamproject.tlog\link.write.1.tlog
